<?xml version="1.0" encoding="UTF-8"?>
<testng-results ignored="0" total="1" passed="1" failed="0" skipped="0">
  <reporter-output>
    <line>
      <![CDATA[Reason Selected]]>
    </line>
    <line>
      <![CDATA[Selected date: ]]>
    </line>
    <line>
      <![CDATA[Selected date: ]]>
    </line>
  </reporter-output>
  <suite started-at="2024-08-19T06:41:01 CDT" name="Default suite" finished-at="2024-08-19T06:41:13 CDT" duration-ms="12199">
    <groups>
    </groups>
    <test started-at="2024-08-19T06:41:01 CDT" name="Default test" finished-at="2024-08-19T06:41:13 CDT" duration-ms="12199">
      <class name="CUCMain.PatientTest">
        <test-method is-config="true" signature="setup()[pri:0, instance:CUCMain.PatientTest@233795b6]" started-at="2024-08-19T06:41:01 CDT" name="setup" finished-at="2024-08-19T06:41:07 CDT" duration-ms="5747" status="PASS">
          <reporter-output>
          </reporter-output>
        </test-method> <!-- setup -->
        <test-method signature="CUCRagistrationTest()[pri:0, instance:CUCMain.PatientTest@233795b6]" started-at="2024-08-19T06:41:07 CDT" name="CUCRagistrationTest" finished-at="2024-08-19T06:41:13 CDT" duration-ms="6418" status="PASS">
          <reporter-output>
            <line>
              <![CDATA[Reason Selected]]>
            </line>
            <line>
              <![CDATA[Selected date: ]]>
            </line>
            <line>
              <![CDATA[Selected date: ]]>
            </line>
          </reporter-output>
        </test-method> <!-- CUCRagistrationTest -->
      </class> <!-- CUCMain.PatientTest -->
    </test> <!-- Default test -->
  </suite> <!-- Default suite -->
</testng-results>
